#
# There is insufficient memory for the Java Runtime Environment to continue.
# Native memory allocation (malloc) failed to allocate 1048576 bytes. Error detail: AllocateHeap
# Possible reasons:
#   The system is out of physical RAM or swap space
#   This process is running with CompressedOops enabled, and the Java Heap may be blocking the growth of the native heap
# Possible solutions:
#   Reduce memory load on the system
#   Increase physical memory or swap space
#   Check if swap backing store is full
#   Decrease Java heap size (-Xmx/-Xms)
#   Decrease number of Java threads
#   Decrease Java thread stack sizes (-Xss)
#   Set larger code cache with -XX:ReservedCodeCacheSize=
#   JVM is running with Unscaled Compressed Oops mode in which the Java heap is
#     placed in the first 4GB address space. The Java Heap base address is the
#     maximum limit for the native heap growth. Please use -XX:HeapBaseMinAddress
#     to set the Java Heap base and to place the Java Heap above 4GB virtual address.
# This output file may be truncated or incomplete.
#
#  Out of Memory Error (allocation.cpp:44), pid=29028, tid=14896
#
# JRE version: OpenJDK Runtime Environment Temurin-21.0.10+7 (21.0.10+7) (build 21.0.10+7-LTS)
# Java VM: OpenJDK 64-Bit Server VM Temurin-21.0.10+7 (21.0.10+7-LTS, mixed mode, sharing, tiered, compressed oops, compressed class ptrs, parallel gc, windows-amd64)
# No core dump will be written. Minidumps are not enabled by default on client versions of Windows
#

---------------  S U M M A R Y ------------

Command Line: --add-modules=ALL-SYSTEM --add-opens=java.base/java.util=ALL-UNNAMED --add-opens=java.base/java.lang=ALL-UNNAMED --add-opens=java.base/sun.nio.fs=ALL-UNNAMED -Declipse.application=org.eclipse.jdt.ls.core.id1 -Dosgi.bundles.defaultStartLevel=4 -Declipse.product=org.eclipse.jdt.ls.core.product -Djava.import.generatesMetadataFilesAtProjectRoot=false -DDetectVMInstallationsJob.disabled=true -Dfile.encoding=utf8 -XX:+UseParallelGC -XX:GCTimeRatio=4 -XX:AdaptiveSizePolicyWeight=90 -Dsun.zip.disableMemoryMapping=true -Xmx2G -Xms100m -Xlog:disable -javaagent:c:\Users\areni\.vscode\extensions\redhat.java-1.53.0-win32-x64\lombok\lombok-1.18.39-4050.jar -XX:+HeapDumpOnOutOfMemoryError -XX:HeapDumpPath=c:\Users\areni\AppData\Roaming\Code\User\workspaceStorage\ed72d4de5321912a7dead46d0a5efaf9\redhat.java -Daether.dependencyCollector.impl=bf c:\Users\areni\.vscode\extensions\redhat.java-1.53.0-win32-x64\server\plugins\org.eclipse.equinox.launcher_1.7.100.v20251111-0406.jar -configuration c:\Users\areni\AppData\Roaming\Code\User\globalStorage\redhat.java\1.53.0\config_win -data c:\Users\areni\AppData\Roaming\Code\User\workspaceStorage\ed72d4de5321912a7dead46d0a5efaf9\redhat.java\jdt_ws --pipe=\\.\pipe\lsp-c0b7a23a51b0a27f36e285c8ca34e095-sock

Host: AMD Ryzen 3 7320U with Radeon Graphics         , 8 cores, 7G,  Windows 11 , 64 bit Build 26100 (10.0.26100.7920)
Time: Mon Apr 13 18:48:52 2026 Hora est. Pac璗ico, Sudam廨ica elapsed time: 2628.499077 seconds (0d 0h 43m 48s)

---------------  T H R E A D  ---------------

Current thread (0x000002565c306170):  JavaThread "Attach Listener" daemon [_thread_in_vm, id=14896, stack(0x000000a93dc00000,0x000000a93dd00000) (1024K)]

Stack: [0x000000a93dc00000,0x000000a93dd00000]
Native frames: (J=compiled Java code, j=interpreted, Vv=VM code, C=native code)
V  [jvm.dll+0x6d7a39]
V  [jvm.dll+0x8b4b26]
V  [jvm.dll+0x8b70de]
V  [jvm.dll+0x8b77c3]
V  [jvm.dll+0x284346]
V  [jvm.dll+0xc1277]
V  [jvm.dll+0x6d82e9]
V  [jvm.dll+0x1334a6]
V  [jvm.dll+0x3f857e]
V  [jvm.dll+0x85f59d]
V  [jvm.dll+0x6d626d]
C  [ucrtbase.dll+0x37b0]
C  [KERNEL32.DLL+0x2e8d7]
C  [ntdll.dll+0x8c48c]


---------------  P R O C E S S  ---------------

Threads class SMR info:
_java_thread_list=0x000002567c7142d0, length=34, elements={
0x000002565a07e450, 0x000002565c2fd9e0, 0x000002565c2fe510, 0x000002565c305510,
0x000002565c306170, 0x000002565c30fac0, 0x000002565c3108f0, 0x000002565c314ce0,
0x000002565c317ee0, 0x00000256747c1b10, 0x00000256748df030, 0x00000256795a1b20,
0x000002567986ddc0, 0x00000256795e8750, 0x00000256795e91d0, 0x00000256799a8f30,
0x00000256749dbc40, 0x0000025679be0f30, 0x0000025679f185e0, 0x0000025679f17230,
0x0000025679f15e80, 0x0000025679f16510, 0x0000025679f178c0, 0x000002567b88eda0,
0x000002567b88d9f0, 0x000002567b88e080, 0x000002567b88f430, 0x000002567b88fac0,
0x000002567b890e70, 0x000002567b891b90, 0x000002567b890150, 0x000002567b891500,
0x000002567b8907e0, 0x000002567b88e710
}

Java Threads: ( => current thread )
  0x000002565a07e450 JavaThread "main"                              [_thread_blocked, id=10740, stack(0x000000a93d500000,0x000000a93d600000) (1024K)]
  0x000002565c2fd9e0 JavaThread "Reference Handler"          daemon [_thread_blocked, id=26092, stack(0x000000a93d900000,0x000000a93da00000) (1024K)]
  0x000002565c2fe510 JavaThread "Finalizer"                  daemon [_thread_blocked, id=30328, stack(0x000000a93da00000,0x000000a93db00000) (1024K)]
  0x000002565c305510 JavaThread "Signal Dispatcher"          daemon [_thread_blocked, id=9380, stack(0x000000a93db00000,0x000000a93dc00000) (1024K)]
=>0x000002565c306170 JavaThread "Attach Listener"            daemon [_thread_in_vm, id=14896, stack(0x000000a93dc00000,0x000000a93dd00000) (1024K)]
  0x000002565c30fac0 JavaThread "Service Thread"             daemon [_thread_blocked, id=29536, stack(0x000000a93dd00000,0x000000a93de00000) (1024K)]
  0x000002565c3108f0 JavaThread "Monitor Deflation Thread"   daemon [_thread_blocked, id=18376, stack(0x000000a93de00000,0x000000a93df00000) (1024K)]
  0x000002565c314ce0 JavaThread "C2 CompilerThread0"         daemon [_thread_blocked, id=9388, stack(0x000000a93df00000,0x000000a93e000000) (1024K)]
  0x000002565c317ee0 JavaThread "C1 CompilerThread0"         daemon [_thread_blocked, id=5220, stack(0x000000a93e000000,0x000000a93e100000) (1024K)]
  0x00000256747c1b10 JavaThread "Common-Cleaner"             daemon [_thread_blocked, id=17352, stack(0x000000a93e100000,0x000000a93e200000) (1024K)]
  0x00000256748df030 JavaThread "Notification Thread"        daemon [_thread_blocked, id=32492, stack(0x000000a93e200000,0x000000a93e300000) (1024K)]
  0x00000256795a1b20 JavaThread "Active Thread: Equinox Container: c35fccc9-974d-4b11-899a-9155d681f03b"        [_thread_blocked, id=31488, stack(0x000000a93ea00000,0x000000a93eb00000) (1024K)]
  0x000002567986ddc0 JavaThread "Refresh Thread: Equinox Container: c35fccc9-974d-4b11-899a-9155d681f03b" daemon [_thread_blocked, id=720, stack(0x000000a93ec00000,0x000000a93ed00000) (1024K)]
  0x00000256795e8750 JavaThread "Framework Event Dispatcher: Equinox Container: c35fccc9-974d-4b11-899a-9155d681f03b" daemon [_thread_blocked, id=12856, stack(0x000000a93e300000,0x000000a93e400000) (1024K)]
  0x00000256795e91d0 JavaThread "Start Level: Equinox Container: c35fccc9-974d-4b11-899a-9155d681f03b" daemon [_thread_blocked, id=6368, stack(0x000000a93ed00000,0x000000a93ee00000) (1024K)]
  0x00000256799a8f30 JavaThread "Bundle File Closer"         daemon [_thread_blocked, id=30880, stack(0x000000a93ee00000,0x000000a93ef00000) (1024K)]
  0x00000256749dbc40 JavaThread "SCR Component Actor"        daemon [_thread_blocked, id=31116, stack(0x000000a93ef00000,0x000000a93f000000) (1024K)]
  0x0000025679be0f30 JavaThread "Worker-JM"                         [_thread_blocked, id=16292, stack(0x000000a93f000000,0x000000a93f100000) (1024K)]
  0x0000025679f185e0 JavaThread "JNA Cleaner"                daemon [_thread_blocked, id=12332, stack(0x000000a93f100000,0x000000a93f200000) (1024K)]
  0x0000025679f17230 JavaThread "Worker-1"                          [_thread_blocked, id=11524, stack(0x000000a93f400000,0x000000a93f500000) (1024K)]
  0x0000025679f15e80 JavaThread "Worker-2"                          [_thread_blocked, id=2536, stack(0x000000a93f500000,0x000000a93f600000) (1024K)]
  0x0000025679f16510 JavaThread "Java indexing"              daemon [_thread_blocked, id=27988, stack(0x000000a93f600000,0x000000a93f700000) (1024K)]
  0x0000025679f178c0 JavaThread "Thread-1"                   daemon [_thread_in_native, id=7108, stack(0x000000a93fc00000,0x000000a93fd00000) (1024K)]
  0x000002567b88eda0 JavaThread "Thread-2"                   daemon [_thread_in_native, id=32528, stack(0x000000a93fd00000,0x000000a93fe00000) (1024K)]
  0x000002567b88d9f0 JavaThread "Thread-3"                   daemon [_thread_in_native, id=16616, stack(0x000000a93fe00000,0x000000a93ff00000) (1024K)]
  0x000002567b88e080 JavaThread "Thread-4"                   daemon [_thread_in_native, id=364, stack(0x000000a93ff00000,0x000000a940000000) (1024K)]
  0x000002567b88f430 JavaThread "Thread-5"                   daemon [_thread_in_native, id=29012, stack(0x000000a940000000,0x000000a940100000) (1024K)]
  0x000002567b88fac0 JavaThread "Thread-6"                   daemon [_thread_in_native, id=29932, stack(0x000000a940100000,0x000000a940200000) (1024K)]
  0x000002567b890e70 JavaThread "Thread-7"                   daemon [_thread_in_native, id=18068, stack(0x000000a940200000,0x000000a940300000) (1024K)]
  0x000002567b891b90 JavaThread "Thread-8"                   daemon [_thread_in_native, id=3972, stack(0x000000a940300000,0x000000a940400000) (1024K)]
  0x000002567b890150 JavaThread "Thread-9"                   daemon [_thread_in_native, id=31456, stack(0x000000a940400000,0x000000a940500000) (1024K)]
  0x000002567b891500 JavaThread "pool-2-thread-1"                   [_thread_blocked, id=7992, stack(0x000000a940500000,0x000000a940600000) (1024K)]
  0x000002567b8907e0 JavaThread "WorkspaceEventsHandler"            [_thread_blocked, id=17940, stack(0x000000a940600000,0x000000a940700000) (1024K)]
  0x000002567b88e710 JavaThread "pool-1-thread-1"                   [_thread_blocked, id=18052, stack(0x000000a940700000,0x000000a940800000) (1024K)]
Total: 34

Other Threads:
  0x000002565c2f3680 VMThread "VM Thread"                           [id=27764, stack(0x000000a93d800000,0x000000a93d900000) (1024K)]
  0x000002565c20cb20 WatcherThread "VM Periodic Task Thread"        [id=31708, stack(0x000000a93d700000,0x000000a93d800000) (1024K)]
  0x000002565c3af1c0 WorkerThread "GC Thread#0"                     [id=11588, stack(0x000000a93d600000,0x000000a93d700000) (1024K)]
  0x00000256794f4dd0 WorkerThread "GC Thread#1"                     [id=21116, stack(0x000000a93e400000,0x000000a93e500000) (1024K)]
  0x0000025679856fa0 WorkerThread "GC Thread#2"                     [id=18024, stack(0x000000a93e500000,0x000000a93e600000) (1024K)]
  0x0000025679571300 WorkerThread "GC Thread#3"                     [id=26260, stack(0x000000a93e600000,0x000000a93e700000) (1024K)]
  0x0000025679563f20 WorkerThread "GC Thread#4"                     [id=23164, stack(0x000000a93e700000,0x000000a93e800000) (1024K)]
  0x00000256795646d0 WorkerThread "GC Thread#5"                     [id=13116, stack(0x000000a93e800000,0x000000a93e900000) (1024K)]
  0x00000256795cd370 WorkerThread "GC Thread#6"                     [id=16664, stack(0x000000a93e900000,0x000000a93ea00000) (1024K)]
  0x0000025679929df0 WorkerThread "GC Thread#7"                     [id=14096, stack(0x000000a93eb00000,0x000000a93ec00000) (1024K)]
Total: 10

Threads with active compile tasks:
Total: 0

VM state: not at safepoint (normal execution)

VM Mutex/Monitor currently owned by a thread: None

Heap address: 0x0000000080000000, size: 2048 MB, Compressed Oops mode: 32-bit

CDS archive(s) mapped at: [0x0000025600000000-0x0000025600ba0000-0x0000025600ba0000), size 12189696, SharedBaseAddress: 0x0000025600000000, ArchiveRelocationMode: 1.
Compressed class space mapped at: 0x0000025601000000-0x0000025641000000, reserved size: 1073741824
Narrow klass base: 0x0000025600000000, Narrow klass shift: 0, Narrow klass range: 0x100000000

GC Precious Log:
 CardTable entry size: 512
 CPUs: 8 total, 8 available
 Memory: 7418M
 Large Page Support: Disabled
 NUMA Support: Disabled
 Compressed Oops: Enabled (32-bit)
 Alignments: Space 512K, Generation 512K, Heap 2M
 Heap Min Capacity: 100M
 Heap Initial Capacity: 100M
 Heap Max Capacity: 2G
 Pre-touch: Disabled
 Parallel Workers: 8

Heap:
 PSYoungGen      total 13312K, used 3568K [0x00000000d5580000, 0x00000000d6480000, 0x0000000100000000)
  eden space 12288K, 20% used [0x00000000d5580000,0x00000000d5803680,0x00000000d6180000)
  from space 1024K, 97% used [0x00000000d6180000,0x00000000d6278a90,0x00000000d6280000)
  to   space 1536K, 0% used [0x00000000d6300000,0x00000000d6300000,0x00000000d6480000)
 ParOldGen       total 108032K, used 107819K [0x0000000080000000, 0x0000000086980000, 0x00000000d5580000)
  object space 108032K, 99% used [0x0000000080000000,0x000000008694af50,0x0000000086980000)
 Metaspace       used 68313K, committed 69888K, reserved 1114112K
  class space    used 7001K, committed 7680K, reserved 1048576K

Card table byte_map: [0x000002565bd20000,0x000002565c130000] _byte_map_base: 0x000002565b920000

Marking Bits: (ParMarkBitMap*) 0x00007ffa08d63450
 Begin Bits: [0x000002566e830000, 0x0000025670830000)
 End Bits:   [0x0000025670830000, 0x0000025672830000)

Polling page: 0x000002565a150000

Metaspace:

Usage:
  Non-class:     59.88 MB used.
      Class:      6.84 MB used.
       Both:     66.71 MB used.

Virtual space:
  Non-class space:       64.00 MB reserved,      60.75 MB ( 95%) committed,  1 nodes.
      Class space:        1.00 GB reserved,       7.50 MB ( <1%) committed,  1 nodes.
             Both:        1.06 GB reserved,      68.25 MB (  6%) committed. 

Chunk freelists:
   Non-Class:  2.83 MB
       Class:  8.45 MB
        Both:  11.28 MB

MaxMetaspaceSize: unlimited
CompressedClassSpaceSize: 1.00 GB
Initial GC threshold: 21.00 MB
Current GC threshold: 97.31 MB
CDS: on
 - commit_granule_bytes: 65536.
 - commit_granule_words: 8192.
 - virtual_space_node_default_size: 8388608.
 - enlarge_chunks_in_place: 1.
 - use_allocation_guard: 0.


Internal statistics:

num_allocs_failed_limit: 9.
num_arena_births: 1342.
num_arena_deaths: 18.
num_vsnodes_births: 2.
num_vsnodes_deaths: 0.
num_space_committed: 1092.
num_space_uncommitted: 0.
num_chunks_returned_to_freelist: 28.
num_chunks_taken_from_freelist: 4548.
num_chunk_merges: 12.
num_chunk_splits: 2824.
num_chunks_enlarged: 1662.
num_inconsistent_stats: 0.

CodeHeap 'non-profiled nmethods': size=120000Kb used=8945Kb max_used=8945Kb free=111054Kb
 bounds [0x0000025667050000, 0x0000025667910000, 0x000002566e580000]
CodeHeap 'profiled nmethods': size=120000Kb used=33622Kb max_used=33622Kb free=86377Kb
 bounds [0x000002565f580000, 0x0000025661660000, 0x0000025666ab0000]
CodeHeap 'non-nmethods': size=5760Kb used=1434Kb max_used=1503Kb free=4326Kb
 bounds [0x0000025666ab0000, 0x0000025666d20000, 0x0000025667050000]
CodeCache: size=245760Kb, used=44001Kb, max_used=44070Kb, free=201757Kb
 total_blobs=15047, nmethods=14301, adapters=650, full_count=0
Compilation: enabled, stopped_count=0, restarted_count=0

Compilation events (20 events):
Event: 2077.214 Thread 0x000002565c317ee0 15024   !   3       java.util.concurrent.ScheduledThreadPoolExecutor$DelayedWorkQueue::offer (123 bytes)
Event: 2077.239 Thread 0x000002565c317ee0 nmethod 15024 0x000002566164d490 code [0x000002566164d7a0, 0x000002566164eb30]
Event: 2077.239 Thread 0x000002565c317ee0 15025       3       java.util.concurrent.ThreadPoolExecutor::ensurePrestart (41 bytes)
Event: 2077.247 Thread 0x000002565c317ee0 nmethod 15025 0x000002566164f390 code [0x000002566164f560, 0x000002566164f810]
Event: 2093.934 Thread 0x000002565c317ee0 15026   !   3       java.util.concurrent.FutureTask::runAndReset (125 bytes)
Event: 2093.973 Thread 0x000002565c317ee0 nmethod 15026 0x000002566164f910 code [0x000002566164fd80, 0x0000025661652438]
Event: 2093.973 Thread 0x000002565c317ee0 15027       3       java.util.concurrent.ScheduledThreadPoolExecutor$ScheduledFutureTask::setNextRunTime (38 bytes)
Event: 2093.974 Thread 0x000002565c317ee0 nmethod 15027 0x0000025661652f90 code [0x0000025661653140, 0x00000256616533d0]
Event: 2093.975 Thread 0x000002565c317ee0 15028       3       java.util.concurrent.ScheduledThreadPoolExecutor::reExecutePeriodic (49 bytes)
Event: 2093.979 Thread 0x000002565c317ee0 nmethod 15028 0x0000025661653490 code [0x00000256616536c0, 0x0000025661653e40]
Event: 2109.278 Thread 0x000002565c317ee0 15029       3       org.eclipse.core.internal.resources.MarkerInfo::shareStrings (21 bytes)
Event: 2109.287 Thread 0x000002565c317ee0 nmethod 15029 0x0000025661654090 code [0x0000025661654260, 0x0000025661654440]
Event: 2167.237 Thread 0x000002565c317ee0 15030       1       org.eclipse.osgi.internal.framework.EquinoxContainer::getStorage (5 bytes)
Event: 2167.244 Thread 0x000002565c317ee0 nmethod 15030 0x000002566790bf10 code [0x000002566790c0a0, 0x000002566790c168]
Event: 2204.013 Thread 0x000002565c314ce0 15031       4       java.lang.Thread::interrupted (7 bytes)
Event: 2204.027 Thread 0x000002565c314ce0 nmethod 15031 0x000002566790c210 code [0x000002566790c3a0, 0x000002566790c458]
Event: 2258.636 Thread 0x000002565c317ee0 15032       3       com.google.gson.stream.JsonReader::setStrictness (11 bytes)
Event: 2258.645 Thread 0x000002565c317ee0 nmethod 15032 0x0000025661654590 code [0x0000025661654740, 0x00000256616549c8]
Event: 2574.384 Thread 0x000002565c317ee0 15033       3       org.eclipse.jdt.ls.core.internal.ParentProcessWatcher::run (83 bytes)
Event: 2574.448 Thread 0x000002565c317ee0 nmethod 15033 0x0000025661654b10 code [0x0000025661654da0, 0x00000256616557f8]

GC Heap History (20 events):
Event: 204.449 GC heap before
{Heap before GC invocations=109 (full 3):
 PSYoungGen      total 12800K, used 12672K [0x00000000d5580000, 0x00000000d6400000, 0x0000000100000000)
  eden space 12288K, 100% used [0x00000000d5580000,0x00000000d6180000,0x00000000d6180000)
  from space 512K, 75% used [0x00000000d6200000,0x00000000d6260000,0x00000000d6280000)
  to   space 1024K, 0% used [0x00000000d6300000,0x00000000d6300000,0x00000000d6400000)
 ParOldGen       total 102912K, used 102767K [0x0000000080000000, 0x0000000086480000, 0x00000000d5580000)
  object space 102912K, 99% used [0x0000000080000000,0x000000008645bd50,0x0000000086480000)
 Metaspace       used 67759K, committed 69376K, reserved 1114112K
  class space    used 6939K, committed 7616K, reserved 1048576K
}
Event: 204.453 GC heap after
{Heap after GC invocations=109 (full 3):
 PSYoungGen      total 13312K, used 1008K [0x00000000d5580000, 0x00000000d6480000, 0x0000000100000000)
  eden space 12288K, 0% used [0x00000000d5580000,0x00000000d5580000,0x00000000d6180000)
  from space 1024K, 98% used [0x00000000d6300000,0x00000000d63fc0b0,0x00000000d6400000)
  to   space 1536K, 0% used [0x00000000d6180000,0x00000000d6180000,0x00000000d6300000)
 ParOldGen       total 103424K, used 102999K [0x0000000080000000, 0x0000000086500000, 0x00000000d5580000)
  object space 103424K, 99% used [0x0000000080000000,0x0000000086495d50,0x0000000086500000)
 Metaspace       used 67759K, committed 69376K, reserved 1114112K
  class space    used 6939K, committed 7616K, reserved 1048576K
}
Event: 204.474 GC heap before
{Heap before GC invocations=110 (full 3):
 PSYoungGen      total 13312K, used 13296K [0x00000000d5580000, 0x00000000d6480000, 0x0000000100000000)
  eden space 12288K, 100% used [0x00000000d5580000,0x00000000d6180000,0x00000000d6180000)
  from space 1024K, 98% used [0x00000000d6300000,0x00000000d63fc0b0,0x00000000d6400000)
  to   space 1536K, 0% used [0x00000000d6180000,0x00000000d6180000,0x00000000d6300000)
 ParOldGen       total 103424K, used 102999K [0x0000000080000000, 0x0000000086500000, 0x00000000d5580000)
  object space 103424K, 99% used [0x0000000080000000,0x0000000086495d50,0x0000000086500000)
 Metaspace       used 67759K, committed 69376K, reserved 1114112K
  class space    used 6939K, committed 7616K, reserved 1048576K
}
Event: 204.476 GC heap after
{Heap after GC invocations=110 (full 3):
 PSYoungGen      total 12800K, used 320K [0x00000000d5580000, 0x00000000d6380000, 0x0000000100000000)
  eden space 12288K, 0% used [0x00000000d5580000,0x00000000d5580000,0x00000000d6180000)
  from space 512K, 62% used [0x00000000d6180000,0x00000000d61d0000,0x00000000d6200000)
  to   space 1024K, 0% used [0x00000000d6280000,0x00000000d6280000,0x00000000d6380000)
 ParOldGen       total 103936K, used 103900K [0x0000000080000000, 0x0000000086580000, 0x00000000d5580000)
  object space 103936K, 99% used [0x0000000080000000,0x0000000086577390,0x0000000086580000)
 Metaspace       used 67759K, committed 69376K, reserved 1114112K
  class space    used 6939K, committed 7616K, reserved 1048576K
}
Event: 204.519 GC heap before
{Heap before GC invocations=111 (full 3):
 PSYoungGen      total 12800K, used 12608K [0x00000000d5580000, 0x00000000d6380000, 0x0000000100000000)
  eden space 12288K, 100% used [0x00000000d5580000,0x00000000d6180000,0x00000000d6180000)
  from space 512K, 62% used [0x00000000d6180000,0x00000000d61d0000,0x00000000d6200000)
  to   space 1024K, 0% used [0x00000000d6280000,0x00000000d6280000,0x00000000d6380000)
 ParOldGen       total 103936K, used 103900K [0x0000000080000000, 0x0000000086580000, 0x00000000d5580000)
  object space 103936K, 99% used [0x0000000080000000,0x0000000086577390,0x0000000086580000)
 Metaspace       used 67760K, committed 69376K, reserved 1114112K
  class space    used 6939K, committed 7616K, reserved 1048576K
}
Event: 204.521 GC heap after
{Heap after GC invocations=111 (full 3):
 PSYoungGen      total 13312K, used 764K [0x00000000d5580000, 0x00000000d6380000, 0x0000000100000000)
  eden space 12288K, 0% used [0x00000000d5580000,0x00000000d5580000,0x00000000d6180000)
  from space 1024K, 74% used [0x00000000d6280000,0x00000000d633f0b0,0x00000000d6380000)
  to   space 1024K, 0% used [0x00000000d6180000,0x00000000d6180000,0x00000000d6280000)
 ParOldGen       total 104448K, used 104148K [0x0000000080000000, 0x0000000086600000, 0x00000000d5580000)
  object space 104448K, 99% used [0x0000000080000000,0x00000000865b5390,0x0000000086600000)
 Metaspace       used 67760K, committed 69376K, reserved 1114112K
  class space    used 6939K, committed 7616K, reserved 1048576K
}
Event: 204.573 GC heap before
{Heap before GC invocations=112 (full 3):
 PSYoungGen      total 13312K, used 13052K [0x00000000d5580000, 0x00000000d6380000, 0x0000000100000000)
  eden space 12288K, 100% used [0x00000000d5580000,0x00000000d6180000,0x00000000d6180000)
  from space 1024K, 74% used [0x00000000d6280000,0x00000000d633f0b0,0x00000000d6380000)
  to   space 1024K, 0% used [0x00000000d6180000,0x00000000d6180000,0x00000000d6280000)
 ParOldGen       total 104448K, used 104148K [0x0000000080000000, 0x0000000086600000, 0x00000000d5580000)
  object space 104448K, 99% used [0x0000000080000000,0x00000000865b5390,0x0000000086600000)
 Metaspace       used 67785K, committed 69376K, reserved 1114112K
  class space    used 6939K, committed 7616K, reserved 1048576K
}
Event: 204.575 GC heap after
{Heap after GC invocations=112 (full 3):
 PSYoungGen      total 13312K, used 538K [0x00000000d5580000, 0x00000000d6380000, 0x0000000100000000)
  eden space 12288K, 0% used [0x00000000d5580000,0x00000000d5580000,0x00000000d6180000)
  from space 1024K, 52% used [0x00000000d6180000,0x00000000d6206ba0,0x00000000d6280000)
  to   space 1024K, 0% used [0x00000000d6280000,0x00000000d6280000,0x00000000d6380000)
 ParOldGen       total 104960K, used 104741K [0x0000000080000000, 0x0000000086680000, 0x00000000d5580000)
  object space 104960K, 99% used [0x0000000080000000,0x00000000866495c8,0x0000000086680000)
 Metaspace       used 67785K, committed 69376K, reserved 1114112K
  class space    used 6939K, committed 7616K, reserved 1048576K
}
Event: 204.655 GC heap before
{Heap before GC invocations=113 (full 3):
 PSYoungGen      total 13312K, used 12826K [0x00000000d5580000, 0x00000000d6380000, 0x0000000100000000)
  eden space 12288K, 100% used [0x00000000d5580000,0x00000000d6180000,0x00000000d6180000)
  from space 1024K, 52% used [0x00000000d6180000,0x00000000d6206ba0,0x00000000d6280000)
  to   space 1024K, 0% used [0x00000000d6280000,0x00000000d6280000,0x00000000d6380000)
 ParOldGen       total 104960K, used 104741K [0x0000000080000000, 0x0000000086680000, 0x00000000d5580000)
  object space 104960K, 99% used [0x0000000080000000,0x00000000866495c8,0x0000000086680000)
 Metaspace       used 67790K, committed 69376K, reserved 1114112K
  class space    used 6940K, committed 7616K, reserved 1048576K
}
Event: 204.656 GC heap after
{Heap after GC invocations=113 (full 3):
 PSYoungGen      total 13312K, used 582K [0x00000000d5580000, 0x00000000d6380000, 0x0000000100000000)
  eden space 12288K, 0% used [0x00000000d5580000,0x00000000d5580000,0x00000000d6180000)
  from space 1024K, 56% used [0x00000000d6280000,0x00000000d6311898,0x00000000d6380000)
  to   space 1024K, 0% used [0x00000000d6180000,0x00000000d6180000,0x00000000d6280000)
 ParOldGen       total 105472K, used 105155K [0x0000000080000000, 0x0000000086700000, 0x00000000d5580000)
  object space 105472K, 99% used [0x0000000080000000,0x00000000866b0e30,0x0000000086700000)
 Metaspace       used 67790K, committed 69376K, reserved 1114112K
  class space    used 6940K, committed 7616K, reserved 1048576K
}
Event: 204.698 GC heap before
{Heap before GC invocations=114 (full 3):
 PSYoungGen      total 13312K, used 12870K [0x00000000d5580000, 0x00000000d6380000, 0x0000000100000000)
  eden space 12288K, 100% used [0x00000000d5580000,0x00000000d6180000,0x00000000d6180000)
  from space 1024K, 56% used [0x00000000d6280000,0x00000000d6311898,0x00000000d6380000)
  to   space 1024K, 0% used [0x00000000d6180000,0x00000000d6180000,0x00000000d6280000)
 ParOldGen       total 105472K, used 105155K [0x0000000080000000, 0x0000000086700000, 0x00000000d5580000)
  object space 105472K, 99% used [0x0000000080000000,0x00000000866b0e30,0x0000000086700000)
 Metaspace       used 67806K, committed 69440K, reserved 1114112K
  class space    used 6940K, committed 7616K, reserved 1048576K
}
Event: 204.700 GC heap after
{Heap after GC invocations=114 (full 3):
 PSYoungGen      total 13312K, used 676K [0x00000000d5580000, 0x00000000d6380000, 0x0000000100000000)
  eden space 12288K, 0% used [0x00000000d5580000,0x00000000d5580000,0x00000000d6180000)
  from space 1024K, 66% used [0x00000000d6180000,0x00000000d6229118,0x00000000d6280000)
  to   space 1024K, 0% used [0x00000000d6280000,0x00000000d6280000,0x00000000d6380000)
 ParOldGen       total 105984K, used 105606K [0x0000000080000000, 0x0000000086780000, 0x00000000d5580000)
  object space 105984K, 99% used [0x0000000080000000,0x00000000867219b0,0x0000000086780000)
 Metaspace       used 67806K, committed 69440K, reserved 1114112K
  class space    used 6940K, committed 7616K, reserved 1048576K
}
Event: 204.751 GC heap before
{Heap before GC invocations=115 (full 3):
 PSYoungGen      total 13312K, used 12964K [0x00000000d5580000, 0x00000000d6380000, 0x0000000100000000)
  eden space 12288K, 100% used [0x00000000d5580000,0x00000000d6180000,0x00000000d6180000)
  from space 1024K, 66% used [0x00000000d6180000,0x00000000d6229118,0x00000000d6280000)
  to   space 1024K, 0% used [0x00000000d6280000,0x00000000d6280000,0x00000000d6380000)
 ParOldGen       total 105984K, used 105606K [0x0000000080000000, 0x0000000086780000, 0x00000000d5580000)
  object space 105984K, 99% used [0x0000000080000000,0x00000000867219b0,0x0000000086780000)
 Metaspace       used 67810K, committed 69440K, reserved 1114112K
  class space    used 6940K, committed 7616K, reserved 1048576K
}
Event: 204.753 GC heap after
{Heap after GC invocations=115 (full 3):
 PSYoungGen      total 13312K, used 762K [0x00000000d5580000, 0x00000000d6380000, 0x0000000100000000)
  eden space 12288K, 0% used [0x00000000d5580000,0x00000000d5580000,0x00000000d6180000)
  from space 1024K, 74% used [0x00000000d6280000,0x00000000d633e918,0x00000000d6380000)
  to   space 1024K, 0% used [0x00000000d6180000,0x00000000d6180000,0x00000000d6280000)
 ParOldGen       total 106496K, used 106175K [0x0000000080000000, 0x0000000086800000, 0x00000000d5580000)
  object space 106496K, 99% used [0x0000000080000000,0x00000000867afde0,0x0000000086800000)
 Metaspace       used 67810K, committed 69440K, reserved 1114112K
  class space    used 6940K, committed 7616K, reserved 1048576K
}
Event: 204.814 GC heap before
{Heap before GC invocations=116 (full 3):
 PSYoungGen      total 13312K, used 13050K [0x00000000d5580000, 0x00000000d6380000, 0x0000000100000000)
  eden space 12288K, 100% used [0x00000000d5580000,0x00000000d6180000,0x00000000d6180000)
  from space 1024K, 74% used [0x00000000d6280000,0x00000000d633e918,0x00000000d6380000)
  to   space 1024K, 0% used [0x00000000d6180000,0x00000000d6180000,0x00000000d6280000)
 ParOldGen       total 106496K, used 106175K [0x0000000080000000, 0x0000000086800000, 0x00000000d5580000)
  object space 106496K, 99% used [0x0000000080000000,0x00000000867afde0,0x0000000086800000)
 Metaspace       used 67812K, committed 69440K, reserved 1114112K
  class space    used 6940K, committed 7616K, reserved 1048576K
}
Event: 204.816 GC heap after
{Heap after GC invocations=116 (full 3):
 PSYoungGen      total 13312K, used 849K [0x00000000d5580000, 0x00000000d6380000, 0x0000000100000000)
  eden space 12288K, 0% used [0x00000000d5580000,0x00000000d5580000,0x00000000d6180000)
  from space 1024K, 82% used [0x00000000d6180000,0x00000000d6254598,0x00000000d6280000)
  to   space 1024K, 0% used [0x00000000d6280000,0x00000000d6280000,0x00000000d6380000)
 ParOldGen       total 107008K, used 106730K [0x0000000080000000, 0x0000000086880000, 0x00000000d5580000)
  object space 107008K, 99% used [0x0000000080000000,0x000000008683ab60,0x0000000086880000)
 Metaspace       used 67812K, committed 69440K, reserved 1114112K
  class space    used 6940K, committed 7616K, reserved 1048576K
}
Event: 204.862 GC heap before
{Heap before GC invocations=117 (full 3):
 PSYoungGen      total 13312K, used 13137K [0x00000000d5580000, 0x00000000d6380000, 0x0000000100000000)
  eden space 12288K, 100% used [0x00000000d5580000,0x00000000d6180000,0x00000000d6180000)
  from space 1024K, 82% used [0x00000000d6180000,0x00000000d6254598,0x00000000d6280000)
  to   space 1024K, 0% used [0x00000000d6280000,0x00000000d6280000,0x00000000d6380000)
 ParOldGen       total 107008K, used 106730K [0x0000000080000000, 0x0000000086880000, 0x00000000d5580000)
  object space 107008K, 99% used [0x0000000080000000,0x000000008683ab60,0x0000000086880000)
 Metaspace       used 67813K, committed 69440K, reserved 1114112K
  class space    used 6940K, committed 7616K, reserved 1048576K
}
Event: 204.865 GC heap after
{Heap after GC invocations=117 (full 3):
 PSYoungGen      total 13312K, used 795K [0x00000000d5580000, 0x00000000d6380000, 0x0000000100000000)
  eden space 12288K, 0% used [0x00000000d5580000,0x00000000d5580000,0x00000000d6180000)
  from space 1024K, 77% used [0x00000000d6280000,0x00000000d6346c58,0x00000000d6380000)
  to   space 1024K, 0% used [0x00000000d6180000,0x00000000d6180000,0x00000000d6280000)
 ParOldGen       total 107520K, used 107395K [0x0000000080000000, 0x0000000086900000, 0x00000000d5580000)
  object space 107520K, 99% used [0x0000000080000000,0x00000000868e0f50,0x0000000086900000)
 Metaspace       used 67813K, committed 69440K, reserved 1114112K
  class space    used 6940K, committed 7616K, reserved 1048576K
}
Event: 470.595 GC heap before
{Heap before GC invocations=118 (full 3):
 PSYoungGen      total 13312K, used 13078K [0x00000000d5580000, 0x00000000d6380000, 0x0000000100000000)
  eden space 12288K, 99% used [0x00000000d5580000,0x00000000d617ef68,0x00000000d6180000)
  from space 1024K, 77% used [0x00000000d6280000,0x00000000d6346c58,0x00000000d6380000)
  to   space 1024K, 0% used [0x00000000d6180000,0x00000000d6180000,0x00000000d6280000)
 ParOldGen       total 107520K, used 107395K [0x0000000080000000, 0x0000000086900000, 0x00000000d5580000)
  object space 107520K, 99% used [0x0000000080000000,0x00000000868e0f50,0x0000000086900000)
 Metaspace       used 68045K, committed 69696K, reserved 1114112K
  class space    used 6982K, committed 7680K, reserved 1048576K
}
Event: 470.742 GC heap after
{Heap after GC invocations=118 (full 3):
 PSYoungGen      total 13312K, used 994K [0x00000000d5580000, 0x00000000d6480000, 0x0000000100000000)
  eden space 12288K, 0% used [0x00000000d5580000,0x00000000d5580000,0x00000000d6180000)
  from space 1024K, 97% used [0x00000000d6180000,0x00000000d6278a90,0x00000000d6280000)
  to   space 1536K, 0% used [0x00000000d6300000,0x00000000d6300000,0x00000000d6480000)
 ParOldGen       total 108032K, used 107819K [0x0000000080000000, 0x0000000086980000, 0x00000000d5580000)
  object space 108032K, 99% used [0x0000000080000000,0x000000008694af50,0x0000000086980000)
 Metaspace       used 68045K, committed 69696K, reserved 1114112K
  class space    used 6982K, committed 7680K, reserved 1048576K
}

Dll operation events (10 events):
Event: 0.018 Loaded shared library c:\Users\areni\.vscode\extensions\redhat.java-1.53.0-win32-x64\jre\21.0.10-win32-x86_64\bin\java.dll
Event: 0.134 Loaded shared library c:\Users\areni\.vscode\extensions\redhat.java-1.53.0-win32-x64\jre\21.0.10-win32-x86_64\bin\zip.dll
Event: 0.174 Loaded shared library C:\Users\areni\.vscode\extensions\redhat.java-1.53.0-win32-x64\jre\21.0.10-win32-x86_64\bin\instrument.dll
Event: 0.184 Loaded shared library C:\Users\areni\.vscode\extensions\redhat.java-1.53.0-win32-x64\jre\21.0.10-win32-x86_64\bin\net.dll
Event: 0.188 Loaded shared library C:\Users\areni\.vscode\extensions\redhat.java-1.53.0-win32-x64\jre\21.0.10-win32-x86_64\bin\nio.dll
Event: 0.195 Loaded shared library C:\Users\areni\.vscode\extensions\redhat.java-1.53.0-win32-x64\jre\21.0.10-win32-x86_64\bin\zip.dll
Event: 0.230 Loaded shared library C:\Users\areni\.vscode\extensions\redhat.java-1.53.0-win32-x64\jre\21.0.10-win32-x86_64\bin\jimage.dll
Event: 0.386 Loaded shared library c:\Users\areni\.vscode\extensions\redhat.java-1.53.0-win32-x64\jre\21.0.10-win32-x86_64\bin\verify.dll
Event: 3.100 Loaded shared library C:\Users\areni\AppData\Roaming\Code\User\globalStorage\redhat.java\1.53.0\config_win\org.eclipse.equinox.launcher\org.eclipse.equinox.launcher.win32.win32.x86_64_1.3.0.v20260203-2149\eclipse_11919.dll
Event: 7.584 Loaded shared library C:\Users\areni\AppData\Local\Temp\jna-93078287\jna2486529479888043489.dll

Deoptimization events (20 events):
Event: 474.645 Thread 0x0000025679f15e80 Uncommon trap: trap_request=0xffffffde fr.pc=0x00000256678f5184 relative=0x0000000000000bc4
Event: 474.645 Thread 0x0000025679f15e80 Uncommon trap: reason=class_check action=maybe_recompile pc=0x00000256678f5184 method=java.io.DataOutputStream.write([BII)V @ 7 c2
Event: 474.645 Thread 0x0000025679f15e80 DEOPT PACKING pc=0x00000256678f5184 sp=0x000000a93f5feba0
Event: 474.645 Thread 0x0000025679f15e80 DEOPT UNPACKING pc=0x0000025666b03aa2 sp=0x000000a93f5feac0 mode 2
Event: 474.645 Thread 0x0000025679f15e80 Uncommon trap: trap_request=0xffffffde fr.pc=0x00000256678f5184 relative=0x0000000000000bc4
Event: 474.645 Thread 0x0000025679f15e80 Uncommon trap: reason=class_check action=maybe_recompile pc=0x00000256678f5184 method=java.io.DataOutputStream.write([BII)V @ 7 c2
Event: 474.645 Thread 0x0000025679f15e80 DEOPT PACKING pc=0x00000256678f5184 sp=0x000000a93f5feaf0
Event: 474.645 Thread 0x0000025679f15e80 DEOPT UNPACKING pc=0x0000025666b03aa2 sp=0x000000a93f5fea10 mode 2
Event: 474.647 Thread 0x0000025679f15e80 Uncommon trap: trap_request=0xffffffde fr.pc=0x00000256673768e4 relative=0x0000000000000424
Event: 474.647 Thread 0x0000025679f15e80 Uncommon trap: reason=class_check action=maybe_recompile pc=0x00000256673768e4 method=java.io.DataOutputStream.writeInt(I)V @ 19 c2
Event: 474.647 Thread 0x0000025679f15e80 DEOPT PACKING pc=0x00000256673768e4 sp=0x000000a93f5fe8f0
Event: 474.647 Thread 0x0000025679f15e80 DEOPT UNPACKING pc=0x0000025666b03aa2 sp=0x000000a93f5fe898 mode 2
Event: 474.648 Thread 0x0000025679f15e80 Uncommon trap: trap_request=0xffffffde fr.pc=0x0000025667374b08 relative=0x0000000000000ca8
Event: 474.648 Thread 0x0000025679f15e80 Uncommon trap: reason=class_check action=maybe_recompile pc=0x0000025667374b08 method=java.io.DataOutputStream.write([BII)V @ 7 c2
Event: 474.648 Thread 0x0000025679f15e80 DEOPT PACKING pc=0x0000025667374b08 sp=0x000000a93f5fe750
Event: 474.648 Thread 0x0000025679f15e80 DEOPT UNPACKING pc=0x0000025666b03aa2 sp=0x000000a93f5fe670 mode 2
Event: 475.011 Thread 0x0000025679f15e80 Uncommon trap: trap_request=0xffffffbe fr.pc=0x000002566755efac relative=0x00000000000007ec
Event: 475.011 Thread 0x0000025679f15e80 Uncommon trap: reason=profile_predicate action=maybe_recompile pc=0x000002566755efac method=java.util.Properties.load0(Ljava/util/Properties$LineReader;)V @ 14 c2
Event: 475.011 Thread 0x0000025679f15e80 DEOPT PACKING pc=0x000002566755efac sp=0x000000a93f5fed40
Event: 475.011 Thread 0x0000025679f15e80 DEOPT UNPACKING pc=0x0000025666b03aa2 sp=0x000000a93f5fece0 mode 2

Classes loaded (20 events):
Event: 179.200 Loading class sun/nio/fs/WindowsFileCopy
Event: 179.234 Loading class sun/nio/fs/WindowsFileCopy done
Event: 469.880 Loading class java/util/stream/Nodes$CollectorTask$OfRef
Event: 469.915 Loading class java/util/stream/Nodes$CollectorTask
Event: 469.947 Loading class java/util/stream/Nodes$CollectorTask done
Event: 469.948 Loading class java/util/stream/Nodes$CollectorTask$OfRef done
Event: 470.517 Loading class java/util/function/LongFunction
Event: 470.523 Loading class java/util/function/LongFunction done
Event: 470.536 Loading class java/util/stream/Nodes$ConcNode
Event: 470.545 Loading class java/util/stream/Nodes$AbstractConcNode
Event: 470.559 Loading class java/util/stream/Nodes$AbstractConcNode done
Event: 470.560 Loading class java/util/stream/Nodes$ConcNode done
Event: 473.629 Loading class java/io/ObjectOutputStream$BlockDataOutputStream
Event: 473.650 Loading class java/io/ObjectOutputStream$BlockDataOutputStream done
Event: 473.651 Loading class java/io/ObjectOutputStream$HandleTable
Event: 473.668 Loading class java/io/ObjectOutputStream$HandleTable done
Event: 473.668 Loading class java/io/ObjectOutputStream$ReplaceTable
Event: 473.675 Loading class java/io/ObjectOutputStream$ReplaceTable done
Event: 473.820 Loading class java/nio/charset/CharacterCodingException
Event: 473.823 Loading class java/nio/charset/CharacterCodingException done

Classes unloaded (9 events):
Event: 8.850 Thread 0x000002565c2f3680 Unloading class 0x00000256011acc00 'java/lang/invoke/LambdaForm$MH+0x00000256011acc00'
Event: 8.850 Thread 0x000002565c2f3680 Unloading class 0x00000256011ac800 'java/lang/invoke/LambdaForm$MH+0x00000256011ac800'
Event: 8.850 Thread 0x000002565c2f3680 Unloading class 0x00000256011ac400 'java/lang/invoke/LambdaForm$MH+0x00000256011ac400'
Event: 8.850 Thread 0x000002565c2f3680 Unloading class 0x00000256011ac000 'java/lang/invoke/LambdaForm$MH+0x00000256011ac000'
Event: 8.850 Thread 0x000002565c2f3680 Unloading class 0x00000256011abc00 'java/lang/invoke/LambdaForm$BMH+0x00000256011abc00'
Event: 8.850 Thread 0x000002565c2f3680 Unloading class 0x00000256011ab800 'java/lang/invoke/LambdaForm$DMH+0x00000256011ab800'
Event: 8.850 Thread 0x000002565c2f3680 Unloading class 0x00000256011aa400 'java/lang/invoke/LambdaForm$DMH+0x00000256011aa400'
Event: 169.648 Thread 0x000002565c2f3680 Unloading class 0x000002560160cc00 'java/lang/invoke/LambdaForm$DMH+0x000002560160cc00'
Event: 169.648 Thread 0x000002565c2f3680 Unloading class 0x000002560160c400 'java/lang/invoke/LambdaForm$DMH+0x000002560160c400'

Classes redefined (0 events):
No events

Internal exceptions (20 events):
Event: 180.455 Thread 0x0000025679f18c70 Exception <a 'sun/nio/fs/WindowsException'{0x00000000d6035c70}> (0x00000000d6035c70) 
thrown [s\src\hotspot\share\prims\jni.cpp, line 520]
Event: 180.480 Thread 0x0000025679f18c70 Exception <a 'sun/nio/fs/WindowsException'{0x00000000d60376b8}> (0x00000000d60376b8) 
thrown [s\src\hotspot\share\prims\jni.cpp, line 520]
Event: 180.510 Thread 0x0000025679f18c70 Exception <a 'sun/nio/fs/WindowsException'{0x00000000d6039050}> (0x00000000d6039050) 
thrown [s\src\hotspot\share\prims\jni.cpp, line 520]
Event: 180.546 Thread 0x0000025679f18c70 Exception <a 'sun/nio/fs/WindowsException'{0x00000000d603a958}> (0x00000000d603a958) 
thrown [s\src\hotspot\share\prims\jni.cpp, line 520]
Event: 180.571 Thread 0x0000025679f18c70 Exception <a 'sun/nio/fs/WindowsException'{0x00000000d603c2d0}> (0x00000000d603c2d0) 
thrown [s\src\hotspot\share\prims\jni.cpp, line 520]
Event: 180.613 Thread 0x0000025679f18c70 Exception <a 'sun/nio/fs/WindowsException'{0x00000000d603dc20}> (0x00000000d603dc20) 
thrown [s\src\hotspot\share\prims\jni.cpp, line 520]
Event: 180.659 Thread 0x0000025679f18c70 Exception <a 'sun/nio/fs/WindowsException'{0x00000000d603f748}> (0x00000000d603f748) 
thrown [s\src\hotspot\share\prims\jni.cpp, line 520]
Event: 180.697 Thread 0x0000025679f18c70 Exception <a 'sun/nio/fs/WindowsException'{0x00000000d6041170}> (0x00000000d6041170) 
thrown [s\src\hotspot\share\prims\jni.cpp, line 520]
Event: 180.768 Thread 0x0000025679f18c70 Exception <a 'sun/nio/fs/WindowsException'{0x00000000d6042a40}> (0x00000000d6042a40) 
thrown [s\src\hotspot\share\prims\jni.cpp, line 520]
Event: 180.812 Thread 0x0000025679f18c70 Exception <a 'sun/nio/fs/WindowsException'{0x00000000d6044458}> (0x00000000d6044458) 
thrown [s\src\hotspot\share\prims\jni.cpp, line 520]
Event: 180.825 Thread 0x0000025679f18c70 Exception <a 'sun/nio/fs/WindowsException'{0x00000000d6045d38}> (0x00000000d6045d38) 
thrown [s\src\hotspot\share\prims\jni.cpp, line 520]
Event: 180.849 Thread 0x0000025679f18c70 Exception <a 'sun/nio/fs/WindowsException'{0x00000000d6047618}> (0x00000000d6047618) 
thrown [s\src\hotspot\share\prims\jni.cpp, line 520]
Event: 180.883 Thread 0x0000025679f18c70 Exception <a 'sun/nio/fs/WindowsException'{0x00000000d6048f00}> (0x00000000d6048f00) 
thrown [s\src\hotspot\share\prims\jni.cpp, line 520]
Event: 203.084 Thread 0x000002567b3564a0 Exception <a 'java/lang/IncompatibleClassChangeError'{0x00000000d5f1af58}: Found class java.lang.Object, but interface was expected> (0x00000000d5f1af58) 
thrown [s\src\hotspot\share\interpreter\linkResolver.cpp, line 840]
Event: 205.099 Thread 0x000002567b3564a0 Implicit null exception at 0x000002566788b80b to 0x000002566788c4f8
Event: 347.719 Thread 0x000002567b88e710 Exception <a 'java/lang/IncompatibleClassChangeError'{0x00000000d60e5d58}: Found class java.lang.Object, but interface was expected> (0x00000000d60e5d58) 
thrown [s\src\hotspot\share\interpreter\linkResolver.cpp, line 840]
Event: 471.640 Thread 0x0000025679f15e80 Exception <a 'sun/nio/fs/WindowsException'{0x00000000d5604088}> (0x00000000d5604088) 
thrown [s\src\hotspot\share\prims\jni.cpp, line 520]
Event: 471.652 Thread 0x0000025679f15e80 Exception <a 'sun/nio/fs/WindowsException'{0x00000000d5604968}> (0x00000000d5604968) 
thrown [s\src\hotspot\share\prims\jni.cpp, line 520]
Event: 474.363 Thread 0x0000025679f15e80 Exception <a 'java/lang/NoSuchMethodError'{0x00000000d56a92c0}: static [J.<clinit>()V> (0x00000000d56a92c0) 
thrown [s\src\hotspot\share\prims\jni.cpp, line 1111]
Event: 474.793 Thread 0x0000025679f15e80 Exception <a 'java/lang/NoSuchMethodError'{0x00000000d56de0f0}: 'java.lang.Object java.lang.invoke.DirectMethodHandle$Holder.newInvokeSpecial(java.lang.Object, java.lang.Object, java.lang.Object, java.lang.Object, java.lang.Object, java.lang.Object, java.lang.Object, java.lang.Object)'> (0x00000000d56de0f0) 
thrown [s\src\hotspot\share\interpreter\linkResolver.cpp, line 773]

ZGC Phase Switch (0 events):
No events

VM Operations (20 events):
Event: 2225.168 Executing non-safepoint VM operation: HandshakeAllThreads (HandshakeForDeflation)
Event: 2225.169 Executing non-safepoint VM operation: HandshakeAllThreads (HandshakeForDeflation) done
Event: 2225.169 Executing non-safepoint VM operation: RendezvousGCThreads
Event: 2225.169 Executing non-safepoint VM operation: RendezvousGCThreads done
Event: 2285.347 Executing non-safepoint VM operation: HandshakeAllThreads (HandshakeForDeflation)
Event: 2285.348 Executing non-safepoint VM operation: HandshakeAllThreads (HandshakeForDeflation) done
Event: 2285.348 Executing non-safepoint VM operation: RendezvousGCThreads
Event: 2285.348 Executing non-safepoint VM operation: RendezvousGCThreads done
Event: 2465.860 Executing non-safepoint VM operation: HandshakeAllThreads (HandshakeForDeflation)
Event: 2465.898 Executing non-safepoint VM operation: HandshakeAllThreads (HandshakeForDeflation) done
Event: 2465.898 Executing non-safepoint VM operation: RendezvousGCThreads
Event: 2465.898 Executing non-safepoint VM operation: RendezvousGCThreads done
Event: 2525.980 Executing non-safepoint VM operation: HandshakeAllThreads (HandshakeForDeflation)
Event: 2525.981 Executing non-safepoint VM operation: HandshakeAllThreads (HandshakeForDeflation) done
Event: 2525.981 Executing non-safepoint VM operation: RendezvousGCThreads
Event: 2525.981 Executing non-safepoint VM operation: RendezvousGCThreads done
Event: 2586.177 Executing non-safepoint VM operation: HandshakeAllThreads (HandshakeForDeflation)
Event: 2586.180 Executing non-safepoint VM operation: HandshakeAllThreads (HandshakeForDeflation) done
Event: 2586.181 Executing non-safepoint VM operation: RendezvousGCThreads
Event: 2586.182 Executing non-safepoint VM operation: RendezvousGCThreads done

Memory protections (0 events):
No events

Nmethod flushes (20 events):
Event: 169.817 Thread 0x000002565c2f3680 flushing  nmethod 0x000002565fe3e090
Event: 169.817 Thread 0x000002565c2f3680 flushing  nmethod 0x000002565fe5f910
Event: 169.817 Thread 0x000002565c2f3680 flushing  nmethod 0x000002565fe62310
Event: 169.817 Thread 0x000002565c2f3680 flushing  nmethod 0x000002565fe7b490
Event: 169.817 Thread 0x000002565c2f3680 flushing  nmethod 0x000002565fe7b990
Event: 169.817 Thread 0x000002565c2f3680 flushing  nmethod 0x000002565fe7bf10
Event: 169.817 Thread 0x000002565c2f3680 flushing  nmethod 0x000002565fe9af10
Event: 169.817 Thread 0x000002565c2f3680 flushing  nmethod 0x000002565fe9ba90
Event: 169.817 Thread 0x000002565c2f3680 flushing  nmethod 0x000002565fe9c990
Event: 169.817 Thread 0x000002565c2f3680 flushing  nmethod 0x000002565fe9cd90
Event: 169.817 Thread 0x000002565c2f3680 flushing  nmethod 0x000002565fe9d990
Event: 169.817 Thread 0x000002565c2f3680 flushing  nmethod 0x000002565fe9dd90
Event: 169.817 Thread 0x000002565c2f3680 flushing  nmethod 0x000002565fe9e110
Event: 169.817 Thread 0x000002565c2f3680 flushing  nmethod 0x000002565fe9ec10
Event: 169.817 Thread 0x000002565c2f3680 flushing  nmethod 0x000002565fea4a10
Event: 169.817 Thread 0x000002565c2f3680 flushing  nmethod 0x000002565fea4f90
Event: 169.817 Thread 0x000002565c2f3680 flushing  nmethod 0x000002565fea5a90
Event: 169.817 Thread 0x000002565c2f3680 flushing  nmethod 0x000002565fea5f10
Event: 169.817 Thread 0x000002565c2f3680 flushing  nmethod 0x000002565fea6490
Event: 169.817 Thread 0x000002565c2f3680 flushing  nmethod 0x000002565feb5510

Events (20 events):
Event: 476.577 Thread 0x000002567a1f5780 Thread exited: 0x000002567a1f5780
Event: 476.609 Thread 0x000002567a1f8c00 Thread exited: 0x000002567a1f8c00
Event: 476.655 Thread 0x000002567a1f6b30 Thread exited: 0x000002567a1f6b30
Event: 476.690 Thread 0x000002567a1f7850 Thread exited: 0x000002567a1f7850
Event: 477.011 Thread 0x000002567b358c00 Thread exited: 0x000002567b358c00
Event: 477.014 Thread 0x000002567b895010 Thread exited: 0x000002567b895010
Event: 477.314 Thread 0x000002567a1f50f0 Thread exited: 0x000002567a1f50f0
Event: 484.720 Thread 0x000002567b893c60 Thread exited: 0x000002567b893c60
Event: 537.113 Thread 0x000002567b358570 Thread exited: 0x000002567b358570
Event: 544.743 Thread 0x000002567b892220 Thread exited: 0x000002567b892220
Event: 597.105 Thread 0x000002567b357850 Thread exited: 0x000002567b357850
Event: 604.736 Thread 0x000002567b8928b0 Thread exited: 0x000002567b8928b0
Event: 657.137 Thread 0x000002567b3571c0 Thread exited: 0x000002567b3571c0
Event: 664.753 Thread 0x000002567b892f40 Thread exited: 0x000002567b892f40
Event: 958.026 Thread 0x000002567b88e710 Thread added: 0x000002567a1f50f0
Event: 958.272 Thread 0x000002567b88e710 Thread added: 0x000002567a1f6b30
Event: 1018.337 Thread 0x000002567a1f50f0 Thread exited: 0x000002567a1f50f0
Event: 1078.341 Thread 0x000002567a1f6b30 Thread exited: 0x000002567a1f6b30
Event: 1286.624 Thread 0x000002567b88e710 Thread added: 0x000002567a1f6b30
Event: 1347.154 Thread 0x000002567a1f6b30 Thread exited: 0x000002567a1f6b30


Dynamic libraries:
0x00007ff7b3170000 - 0x00007ff7b317e000 	c:\Users\areni\.vscode\extensions\redhat.java-1.53.0-win32-x64\jre\21.0.10-win32-x86_64\bin\java.exe
0x00007ffae9d00000 - 0x00007ffae9f67000 	C:\WINDOWS\SYSTEM32\ntdll.dll
0x00007ffae7aa0000 - 0x00007ffae7b69000 	C:\WINDOWS\System32\KERNEL32.DLL
0x00007ffae71e0000 - 0x00007ffae75d1000 	C:\WINDOWS\System32\KERNELBASE.dll
0x00007ffae7710000 - 0x00007ffae785b000 	C:\WINDOWS\System32\ucrtbase.dll
0x00007ffac0190000 - 0x00007ffac01a8000 	c:\Users\areni\.vscode\extensions\redhat.java-1.53.0-win32-x64\jre\21.0.10-win32-x86_64\bin\jli.dll
0x00007ffabfb50000 - 0x00007ffabfb6e000 	c:\Users\areni\.vscode\extensions\redhat.java-1.53.0-win32-x64\jre\21.0.10-win32-x86_64\bin\VCRUNTIME140.dll
0x00007ffae8430000 - 0x00007ffae85f5000 	C:\WINDOWS\System32\USER32.dll
0x00007ffad48f0000 - 0x00007ffad4b83000 	C:\WINDOWS\WinSxS\amd64_microsoft.windows.common-controls_6595b64144ccf1df_6.0.26100.8037_none_3e092faae333b53b\COMCTL32.dll
0x00007ffae7860000 - 0x00007ffae7887000 	C:\WINDOWS\System32\win32u.dll
0x00007ffae7d20000 - 0x00007ffae7dc9000 	C:\WINDOWS\System32\msvcrt.dll
0x00007ffae7c10000 - 0x00007ffae7c3b000 	C:\WINDOWS\System32\GDI32.dll
0x00007ffae75e0000 - 0x00007ffae770b000 	C:\WINDOWS\System32\gdi32full.dll
0x00007ffae6690000 - 0x00007ffae6733000 	C:\WINDOWS\System32\msvcp_win.dll
0x00007ffae9c80000 - 0x00007ffae9cb1000 	C:\WINDOWS\System32\IMM32.DLL
0x00007ffabccc0000 - 0x00007ffabcdb2000 	C:\Program Files\Windhawk\Engine\1.7.3\64\windhawk.dll
0x00007ffae8720000 - 0x00007ffae87db000 	C:\WINDOWS\System32\ADVAPI32.dll
0x00007ffae7df0000 - 0x00007ffae7e97000 	C:\WINDOWS\System32\sechost.dll
0x00007ffae8600000 - 0x00007ffae8718000 	C:\WINDOWS\System32\RPCRT4.dll
0x00007ffad4190000 - 0x00007ffad419c000 	c:\Users\areni\.vscode\extensions\redhat.java-1.53.0-win32-x64\jre\21.0.10-win32-x86_64\bin\vcruntime140_1.dll
0x00007ffab52b0000 - 0x00007ffab533d000 	c:\Users\areni\.vscode\extensions\redhat.java-1.53.0-win32-x64\jre\21.0.10-win32-x86_64\bin\msvcp140.dll
0x00007ffa080a0000 - 0x00007ffa08e41000 	c:\Users\areni\.vscode\extensions\redhat.java-1.53.0-win32-x64\jre\21.0.10-win32-x86_64\bin\server\jvm.dll
0x00007ffae92e0000 - 0x00007ffae9354000 	C:\WINDOWS\System32\WS2_32.dll
0x00007ffae6440000 - 0x00007ffae649e000 	C:\WINDOWS\SYSTEM32\POWRPROF.dll
0x00007ffadbb90000 - 0x00007ffadbbc5000 	C:\WINDOWS\SYSTEM32\WINMM.dll
0x00007ffad4440000 - 0x00007ffad444b000 	C:\WINDOWS\SYSTEM32\VERSION.dll
0x00007ffae6420000 - 0x00007ffae6434000 	C:\WINDOWS\SYSTEM32\UMPDC.dll
0x00007ffae5370000 - 0x00007ffae538b000 	C:\WINDOWS\SYSTEM32\kernel.appcore.dll
0x00007ffac6a80000 - 0x00007ffac6a8a000 	c:\Users\areni\.vscode\extensions\redhat.java-1.53.0-win32-x64\jre\21.0.10-win32-x86_64\bin\jimage.dll
0x00007ffad7d70000 - 0x00007ffad7fb2000 	C:\WINDOWS\SYSTEM32\DBGHELP.DLL
0x00007ffae87e0000 - 0x00007ffae8b62000 	C:\WINDOWS\System32\combase.dll
0x00007ffae8350000 - 0x00007ffae8427000 	C:\WINDOWS\System32\OLEAUT32.dll
0x00007ffac3540000 - 0x00007ffac357b000 	C:\WINDOWS\SYSTEM32\dbgcore.DLL
0x00007ffae65e0000 - 0x00007ffae6685000 	C:\WINDOWS\System32\bcryptPrimitives.dll
0x00007ffac0600000 - 0x00007ffac060f000 	c:\Users\areni\.vscode\extensions\redhat.java-1.53.0-win32-x64\jre\21.0.10-win32-x86_64\bin\instrument.dll
0x00007ffab5290000 - 0x00007ffab52b0000 	c:\Users\areni\.vscode\extensions\redhat.java-1.53.0-win32-x64\jre\21.0.10-win32-x86_64\bin\java.dll
0x00007ffae8b70000 - 0x00007ffae92cf000 	C:\WINDOWS\System32\SHELL32.dll
0x00007ffae6800000 - 0x00007ffae696a000 	C:\WINDOWS\System32\wintypes.dll
0x00007ffae6970000 - 0x00007ffae71d4000 	C:\WINDOWS\System32\windows.storage.dll
0x00007ffae8250000 - 0x00007ffae8347000 	C:\WINDOWS\System32\SHCORE.dll
0x00007ffae7eb0000 - 0x00007ffae7f17000 	C:\WINDOWS\System32\shlwapi.dll
0x00007ffae6500000 - 0x00007ffae6529000 	C:\WINDOWS\SYSTEM32\profapi.dll
0x00007ffab5270000 - 0x00007ffab5288000 	c:\Users\areni\.vscode\extensions\redhat.java-1.53.0-win32-x64\jre\21.0.10-win32-x86_64\bin\zip.dll
0x00007ffac0180000 - 0x00007ffac0190000 	C:\Users\areni\.vscode\extensions\redhat.java-1.53.0-win32-x64\jre\21.0.10-win32-x86_64\bin\net.dll
0x00007ffadbc70000 - 0x00007ffadbd97000 	C:\WINDOWS\SYSTEM32\WINHTTP.dll
0x00007ffae58e0000 - 0x00007ffae594b000 	C:\WINDOWS\system32\mswsock.dll
0x00007ffab5250000 - 0x00007ffab5266000 	C:\Users\areni\.vscode\extensions\redhat.java-1.53.0-win32-x64\jre\21.0.10-win32-x86_64\bin\nio.dll
0x00007ffac0030000 - 0x00007ffac0040000 	c:\Users\areni\.vscode\extensions\redhat.java-1.53.0-win32-x64\jre\21.0.10-win32-x86_64\bin\verify.dll
0x00007ffab50c0000 - 0x00007ffab5105000 	C:\Users\areni\AppData\Roaming\Code\User\globalStorage\redhat.java\1.53.0\config_win\org.eclipse.equinox.launcher\org.eclipse.equinox.launcher.win32.win32.x86_64_1.3.0.v20260203-2149\eclipse_11919.dll
0x00007ffae9650000 - 0x00007ffae97e5000 	C:\WINDOWS\System32\ole32.dll
0x00007ffae5bc0000 - 0x00007ffae5bdb000 	C:\WINDOWS\SYSTEM32\CRYPTSP.dll
0x00007ffae52d0000 - 0x00007ffae5309000 	C:\WINDOWS\system32\rsaenh.dll
0x00007ffae5990000 - 0x00007ffae59c2000 	C:\WINDOWS\SYSTEM32\USERENV.dll
0x00007ffae64d0000 - 0x00007ffae64fa000 	C:\WINDOWS\SYSTEM32\bcrypt.dll
0x00007ffae5be0000 - 0x00007ffae5bec000 	C:\WINDOWS\SYSTEM32\CRYPTBASE.dll
0x00007ffae4d00000 - 0x00007ffae4d33000 	C:\WINDOWS\SYSTEM32\IPHLPAPI.DLL
0x00007ffae7b70000 - 0x00007ffae7b7a000 	C:\WINDOWS\System32\NSI.dll
0x00007ffab5070000 - 0x00007ffab50b9000 	C:\Users\areni\AppData\Local\Temp\jna-93078287\jna2486529479888043489.dll
0x00007ffae7ea0000 - 0x00007ffae7ea8000 	C:\WINDOWS\System32\PSAPI.DLL
0x00007ffae0130000 - 0x00007ffae014d000 	C:\WINDOWS\SYSTEM32\dhcpcsvc6.DLL
0x00007ffadff30000 - 0x00007ffadff53000 	C:\WINDOWS\SYSTEM32\dhcpcsvc.DLL
0x00007ffae5490000 - 0x00007ffae54c6000 	C:\WINDOWS\SYSTEM32\ntmarta.dll

JVMTI agents:
c:\Users\areni\.vscode\extensions\redhat.java-1.53.0-win32-x64\lombok\lombok-1.18.39-4050.jar path:c:\Users\areni\.vscode\extensions\redhat.java-1.53.0-win32-x64\jre\21.0.10-win32-x86_64\bin\instrument.dll, loaded, initialized, instrumentlib options:none

dbghelp: loaded successfully - version: 4.0.5 - missing functions: none
symbol engine: initialized successfully - sym options: 0x614 - pdb path: .;c:\Users\areni\.vscode\extensions\redhat.java-1.53.0-win32-x64\jre\21.0.10-win32-x86_64\bin;C:\WINDOWS\SYSTEM32;C:\WINDOWS\WinSxS\amd64_microsoft.windows.common-controls_6595b64144ccf1df_6.0.26100.8037_none_3e092faae333b53b;C:\Program Files\Windhawk\Engine\1.7.3\64;c:\Users\areni\.vscode\extensions\redhat.java-1.53.0-win32-x64\jre\21.0.10-win32-x86_64\bin\server;C:\Users\areni\AppData\Roaming\Code\User\globalStorage\redhat.java\1.53.0\config_win\org.eclipse.equinox.launcher\org.eclipse.equinox.launcher.win32.win32.x86_64_1.3.0.v20260203-2149;C:\Users\areni\AppData\Local\Temp\jna-93078287

VM Arguments:
jvm_args: --add-modules=ALL-SYSTEM --add-opens=java.base/java.util=ALL-UNNAMED --add-opens=java.base/java.lang=ALL-UNNAMED --add-opens=java.base/sun.nio.fs=ALL-UNNAMED -Declipse.application=org.eclipse.jdt.ls.core.id1 -Dosgi.bundles.defaultStartLevel=4 -Declipse.product=org.eclipse.jdt.ls.core.product -Djava.import.generatesMetadataFilesAtProjectRoot=false -DDetectVMInstallationsJob.disabled=true -Dfile.encoding=utf8 -XX:+UseParallelGC -XX:GCTimeRatio=4 -XX:AdaptiveSizePolicyWeight=90 -Dsun.zip.disableMemoryMapping=true -Xmx2G -Xms100m -Xlog:disable -javaagent:c:\Users\areni\.vscode\extensions\redhat.java-1.53.0-win32-x64\lombok\lombok-1.18.39-4050.jar -XX:+HeapDumpOnOutOfMemoryError -XX:HeapDumpPath=c:\Users\areni\AppData\Roaming\Code\User\workspaceStorage\ed72d4de5321912a7dead46d0a5efaf9\redhat.java -Daether.dependencyCollector.impl=bf 
java_command: c:\Users\areni\.vscode\extensions\redhat.java-1.53.0-win32-x64\server\plugins\org.eclipse.equinox.launcher_1.7.100.v20251111-0406.jar -configuration c:\Users\areni\AppData\Roaming\Code\User\globalStorage\redhat.java\1.53.0\config_win -data c:\Users\areni\AppData\Roaming\Code\User\workspaceStorage\ed72d4de5321912a7dead46d0a5efaf9\redhat.java\jdt_ws --pipe=\\.\pipe\lsp-c0b7a23a51b0a27f36e285c8ca34e095-sock
java_class_path (initial): c:\Users\areni\.vscode\extensions\redhat.java-1.53.0-win32-x64\server\plugins\org.eclipse.equinox.launcher_1.7.100.v20251111-0406.jar
Launcher Type: SUN_STANDARD

[Global flags]
    uintx AdaptiveSizePolicyWeight                 = 90                                        {product} {command line}
     intx CICompilerCount                          = 4                                         {product} {ergonomic}
    uintx GCTimeRatio                              = 4                                         {product} {command line}
     bool HeapDumpOnOutOfMemoryError               = true                                   {manageable} {command line}
    ccstr HeapDumpPath                             = c:\Users\areni\AppData\Roaming\Code\User\workspaceStorage\ed72d4de5321912a7dead46d0a5efaf9\redhat.java         {manageable} {command line}
   size_t InitialHeapSize                          = 104857600                                 {product} {command line}
   size_t MaxHeapSize                              = 2147483648                                {product} {command line}
   size_t MaxNewSize                               = 715653120                                 {product} {ergonomic}
   size_t MinHeapDeltaBytes                        = 524288                                    {product} {ergonomic}
   size_t MinHeapSize                              = 104857600                                 {product} {command line}
   size_t NewSize                                  = 34603008                                  {product} {ergonomic}
    uintx NonNMethodCodeHeapSize                   = 5839372                                {pd product} {ergonomic}
    uintx NonProfiledCodeHeapSize                  = 122909434                              {pd product} {ergonomic}
   size_t OldSize                                  = 70254592                                  {product} {ergonomic}
    uintx ProfiledCodeHeapSize                     = 122909434                              {pd product} {ergonomic}
    uintx ReservedCodeCacheSize                    = 251658240                              {pd product} {ergonomic}
     bool SegmentedCodeCache                       = true                                      {product} {ergonomic}
   size_t SoftMaxHeapSize                          = 2147483648                             {manageable} {ergonomic}
     bool UseCompressedOops                        = true                           {product lp64_product} {ergonomic}
     bool UseLargePagesIndividualAllocation        = false                                  {pd product} {ergonomic}
     bool UseParallelGC                            = true                                      {product} {command line}

Logging:
Log output configuration:
 #0: stdout all=off uptime,level,tags foldmultilines=false
 #1: stderr all=off uptime,level,tags foldmultilines=false

Release file:
JAVA_VERSION="21.0.10" 
MODULES="java.base java.compiler java.datatransfer java.xml java.prefs java.desktop java.instrument java.logging java.management java.security.sasl java.naming java.rmi java.management.rmi java.net.http java.scripting java.security.jgss java.transaction.xa java.sql java.sql.rowset java.xml.crypto java.se java.smartcardio jdk.accessibility jdk.internal.jvmstat jdk.attach jdk.charsets jdk.internal.opt jdk.zipfs jdk.compiler jdk.crypto.ec jdk.crypto.cryptoki jdk.crypto.mscapi jdk.dynalink jdk.internal.ed jdk.editpad jdk.hotspot.agent jdk.httpserver jdk.internal.le jdk.internal.vm.ci jdk.internal.vm.compiler jdk.internal.vm.compiler.management jdk.jartool jdk.javadoc jdk.jcmd jdk.management jdk.management.agent jdk.jconsole jdk.jdeps jdk.jdwp.agent jdk.jdi jdk.jfr jdk.jshell jdk.jsobject jdk.jstatd jdk.localedata jdk.management.jfr jdk.naming.dns jdk.naming.rmi jdk.net jdk.nio.mapmode jdk.random jdk.sctp jdk.security.auth jdk.security.jgss jdk.unsupported jdk.unsupported.desktop jdk.xml.dom" 

Environment Variables:
PATH=C:\Users\areni\AppData\Local\Programs\Microsoft VS Code;C:\flutter\bin;C:\xampp\php;C:\Program Files\Common Files\Oracle\Java\javapath;C:\WINDOWS\system32;C:\WINDOWS;C:\WINDOWS\System32\Wbem;C:\WINDOWS\System32\WindowsPowerShell\v1.0\;C:\WINDOWS\System32\OpenSSH\;C:\Program Files\Git\cmd;C:\Program Files\dotnet\;C:\ProgramData\ComposerSetup\bin;C:\Program Files\nodejs\;C:\flutter\bin;C:\Users\areni\AppData\Local\Programs\Python\Python313\Scripts\;C:\Users\areni\AppData\Local\Programs\Python\Python313\;C:\Users\areni\AppData\Local\Microsoft\WindowsApps;C:\Users\areni\AppData\Local\GitHubDesktop\bin;C:\Program Files\JetBrains\IntelliJ IDEA Community Edition 2024.3\bin;;C:\Users\areni\AppData\Local\Programs\Microsoft VS Code\bin;C:\Users\areni\.dotnet\tools;C:\Program Files\MongoDB\Server\7.0\bin;C:\Program Files\MongoDB\mongosh-2.5.6-win32-x64\bin;C:\Users\areni\AppData\Roaming\Composer\vendor\bin;C:\Program Files (x86)\ComposerSetup;C:\Users\areni\AppData\Roaming\npm;C:\Users\areni\.local\bin
USERNAME=areni
OS=Windows_NT
PROCESSOR_IDENTIFIER=AMD64 Family 23 Model 160 Stepping 0, AuthenticAMD
TMP=C:\Users\areni\AppData\Local\Temp
TEMP=C:\Users\areni\AppData\Local\Temp




Periodic native trim disabled

---------------  S Y S T E M  ---------------

OS:
 Windows 11 , 64 bit Build 26100 (10.0.26100.7920)
OS uptime: 2 days 6:36 hours
Hyper-V role detected

CPU: total 8 (initial active 8) (8 cores per cpu, 2 threads per core) family 23 model 160 stepping 0 microcode 0x8a0000a, cx8, cmov, fxsr, ht, mmx, 3dnowpref, sse, sse2, sse3, ssse3, sse4a, sse4.1, sse4.2, popcnt, lzcnt, tsc, tscinvbit, avx, avx2, aes, clmul, bmi1, bmi2, adx, sha, fma, vzeroupper, clflush, clflushopt, hv, rdtscp, rdpid, f16c
Processor Information for processor 0
  Max Mhz: 2401, Current Mhz: 2000, Mhz Limit: 2401
Processor Information for processor 1
  Max Mhz: 2401, Current Mhz: 2000, Mhz Limit: 2401
Processor Information for processor 2
  Max Mhz: 2401, Current Mhz: 2401, Mhz Limit: 2401
Processor Information for processor 3
  Max Mhz: 2401, Current Mhz: 2000, Mhz Limit: 2401
Processor Information for processor 4
  Max Mhz: 2401, Current Mhz: 2401, Mhz Limit: 2401
Processor Information for processor 5
  Max Mhz: 2401, Current Mhz: 2000, Mhz Limit: 2401
Processor Information for processor 6
  Max Mhz: 2401, Current Mhz: 2000, Mhz Limit: 2401
Processor Information for processor 7
  Max Mhz: 2401, Current Mhz: 2000, Mhz Limit: 2401

Memory: 4k page, system-wide physical 7418M (552M free)
TotalPageFile size 29946M (AvailPageFile size 2M)
current process WorkingSet (physical memory assigned to process): 7M, peak: 294M
current process commit charge ("private bytes"): 400M, peak: 426M

vm_info: OpenJDK 64-Bit Server VM (21.0.10+7-LTS) for windows-amd64 JRE (21.0.10+7-LTS), built on 2026-01-20T00:00:00Z by "admin" with MS VC++ 17.12 (VS2022)

END.
